{"/home/fabien/Documents/work/redux-persist-filesystem-storage/src/index.js": {"path":"/home/fabien/Documents/work/redux-persist-filesystem-storage/src/index.js","statementMap":{"0":{"start":{"line":4,"column":27},"end":{"line":4,"column":34}}},"fnMap":{},"branchMap":{},"s":{"0":1},"f":{},"b":{},"_coverageSchema":"43e27e138ebf9cfc5966b082cf9a028302ed4184","hash":"1b5d820e0cf83e77ba1db386fe699a28d2a2ec9f"}
,"/home/fabien/Documents/work/redux-persist-filesystem-storage/src/node.js": {"path":"/home/fabien/Documents/work/redux-persist-filesystem-storage/src/node.js","statementMap":{"0":{"start":{"line":6,"column":24},"end":{"line":19,"column":1}},"1":{"start":{"line":7,"column":2},"end":{"line":18,"column":3}},"2":{"start":{"line":13,"column":6},"end":{"line":15,"column":7}},"3":{"start":{"line":14,"column":8},"end":{"line":14,"column":59}},"4":{"start":{"line":17,"column":21},"end":{"line":17,"column":63}},"5":{"start":{"line":22,"column":23},"end":{"line":22,"column":45}}},"fnMap":{"0":{"name":"(anonymous_0)","decl":{"start":{"line":6,"column":24},"end":{"line":6,"column":25}},"loc":{"start":{"line":6,"column":36},"end":{"line":19,"column":1}},"line":6},"1":{"name":"(anonymous_1)","decl":{"start":{"line":12,"column":16},"end":{"line":12,"column":17}},"loc":{"start":{"line":12,"column":24},"end":{"line":16,"column":5}},"line":12},"2":{"name":"(anonymous_2)","decl":{"start":{"line":17,"column":11},"end":{"line":17,"column":12}},"loc":{"start":{"line":17,"column":19},"end":{"line":17,"column":64}},"line":17}},"branchMap":{"0":{"loc":{"start":{"line":13,"column":6},"end":{"line":15,"column":7}},"type":"if","locations":[{"start":{"line":13,"column":6},"end":{"line":15,"column":7}},{"start":{"line":13,"column":6},"end":{"line":15,"column":7}}],"line":13}},"s":{"0":1,"1":2,"2":1,"3":1,"4":3,"5":1},"f":{"0":2,"1":1,"2":3},"b":{"0":[1,0]},"_coverageSchema":"43e27e138ebf9cfc5966b082cf9a028302ed4184","hash":"5ff7885ce7e246b516ace15e6fa1ded64399b1f4"}
,"/home/fabien/Documents/work/redux-persist-filesystem-storage/src/storage.js": {"path":"/home/fabien/Documents/work/redux-persist-filesystem-storage/src/storage.js","statementMap":{"0":{"start":{"line":2,"column":25},"end":{"line":11,"column":1}},"1":{"start":{"line":2,"column":33},"end":{"line":11,"column":1}},"2":{"start":{"line":3,"column":2},"end":{"line":5,"column":3}},"3":{"start":{"line":4,"column":4},"end":{"line":4,"column":48}},"4":{"start":{"line":6,"column":2},"end":{"line":8,"column":3}},"5":{"start":{"line":7,"column":4},"end":{"line":7,"column":48}},"6":{"start":{"line":10,"column":2},"end":{"line":10,"column":17}},"7":{"start":{"line":13,"column":27},"end":{"line":28,"column":1}},"8":{"start":{"line":13,"column":35},"end":{"line":28,"column":1}},"9":{"start":{"line":14,"column":17},"end":{"line":14,"column":49}},"10":{"start":{"line":16,"column":2},"end":{"line":16,"column":49}},"11":{"start":{"line":18,"column":12},"end":{"line":18,"column":27}},"12":{"start":{"line":21,"column":2},"end":{"line":26,"column":3}},"13":{"start":{"line":30,"column":16},"end":{"line":40,"column":1}},"14":{"start":{"line":30,"column":24},"end":{"line":40,"column":1}},"15":{"start":{"line":30,"column":36},"end":{"line":40,"column":1}},"16":{"start":{"line":31,"column":2},"end":{"line":39,"column":4}},"17":{"start":{"line":32,"column":4},"end":{"line":37,"column":5}},"18":{"start":{"line":33,"column":6},"end":{"line":33,"column":39}},"19":{"start":{"line":34,"column":6},"end":{"line":34,"column":16}},"20":{"start":{"line":36,"column":6},"end":{"line":36,"column":17}},"21":{"start":{"line":42,"column":16},"end":{"line":51,"column":1}},"22":{"start":{"line":42,"column":23},"end":{"line":51,"column":1}},"23":{"start":{"line":42,"column":36},"end":{"line":51,"column":1}},"24":{"start":{"line":43,"column":2},"end":{"line":50,"column":4}},"25":{"start":{"line":44,"column":4},"end":{"line":49,"column":5}},"26":{"start":{"line":45,"column":16},"end":{"line":45,"column":43}},"27":{"start":{"line":46,"column":6},"end":{"line":46,"column":19}},"28":{"start":{"line":48,"column":6},"end":{"line":48,"column":17}},"29":{"start":{"line":53,"column":19},"end":{"line":62,"column":1}},"30":{"start":{"line":53,"column":28},"end":{"line":62,"column":1}},"31":{"start":{"line":53,"column":41},"end":{"line":62,"column":1}},"32":{"start":{"line":54,"column":2},"end":{"line":61,"column":4}},"33":{"start":{"line":55,"column":4},"end":{"line":60,"column":5}},"34":{"start":{"line":56,"column":6},"end":{"line":56,"column":28}},"35":{"start":{"line":57,"column":6},"end":{"line":57,"column":16}},"36":{"start":{"line":59,"column":6},"end":{"line":59,"column":17}},"37":{"start":{"line":64,"column":19},"end":{"line":74,"column":1}},"38":{"start":{"line":64,"column":26},"end":{"line":74,"column":1}},"39":{"start":{"line":64,"column":39},"end":{"line":74,"column":1}},"40":{"start":{"line":65,"column":2},"end":{"line":73,"column":4}},"41":{"start":{"line":66,"column":4},"end":{"line":72,"column":5}},"42":{"start":{"line":67,"column":20},"end":{"line":67,"column":47}},"43":{"start":{"line":68,"column":6},"end":{"line":68,"column":48}},"44":{"start":{"line":71,"column":6},"end":{"line":71,"column":17}}},"fnMap":{"0":{"name":"(anonymous_0)","decl":{"start":{"line":2,"column":25},"end":{"line":2,"column":26}},"loc":{"start":{"line":2,"column":33},"end":{"line":11,"column":1}},"line":2},"1":{"name":"(anonymous_1)","decl":{"start":{"line":2,"column":33},"end":{"line":2,"column":34}},"loc":{"start":{"line":2,"column":43},"end":{"line":11,"column":1}},"line":2},"2":{"name":"(anonymous_2)","decl":{"start":{"line":13,"column":27},"end":{"line":13,"column":28}},"loc":{"start":{"line":13,"column":35},"end":{"line":28,"column":1}},"line":13},"3":{"name":"(anonymous_3)","decl":{"start":{"line":13,"column":35},"end":{"line":13,"column":36}},"loc":{"start":{"line":13,"column":46},"end":{"line":28,"column":1}},"line":13},"4":{"name":"(anonymous_4)","decl":{"start":{"line":30,"column":16},"end":{"line":30,"column":17}},"loc":{"start":{"line":30,"column":24},"end":{"line":40,"column":1}},"line":30},"5":{"name":"(anonymous_5)","decl":{"start":{"line":30,"column":24},"end":{"line":30,"column":25}},"loc":{"start":{"line":30,"column":36},"end":{"line":40,"column":1}},"line":30},"6":{"name":"(anonymous_6)","decl":{"start":{"line":30,"column":36},"end":{"line":30,"column":37}},"loc":{"start":{"line":30,"column":49},"end":{"line":40,"column":1}},"line":30},"7":{"name":"(anonymous_7)","decl":{"start":{"line":31,"column":21},"end":{"line":31,"column":22}},"loc":{"start":{"line":31,"column":39},"end":{"line":39,"column":3}},"line":31},"8":{"name":"(anonymous_8)","decl":{"start":{"line":42,"column":16},"end":{"line":42,"column":17}},"loc":{"start":{"line":42,"column":23},"end":{"line":51,"column":1}},"line":42},"9":{"name":"(anonymous_9)","decl":{"start":{"line":42,"column":23},"end":{"line":42,"column":24}},"loc":{"start":{"line":42,"column":36},"end":{"line":51,"column":1}},"line":42},"10":{"name":"(anonymous_10)","decl":{"start":{"line":42,"column":36},"end":{"line":42,"column":37}},"loc":{"start":{"line":42,"column":42},"end":{"line":51,"column":1}},"line":42},"11":{"name":"(anonymous_11)","decl":{"start":{"line":43,"column":21},"end":{"line":43,"column":22}},"loc":{"start":{"line":43,"column":39},"end":{"line":50,"column":3}},"line":43},"12":{"name":"(anonymous_12)","decl":{"start":{"line":53,"column":19},"end":{"line":53,"column":20}},"loc":{"start":{"line":53,"column":28},"end":{"line":62,"column":1}},"line":53},"13":{"name":"(anonymous_13)","decl":{"start":{"line":53,"column":28},"end":{"line":53,"column":29}},"loc":{"start":{"line":53,"column":41},"end":{"line":62,"column":1}},"line":53},"14":{"name":"(anonymous_14)","decl":{"start":{"line":53,"column":41},"end":{"line":53,"column":42}},"loc":{"start":{"line":53,"column":48},"end":{"line":62,"column":1}},"line":53},"15":{"name":"(anonymous_15)","decl":{"start":{"line":54,"column":21},"end":{"line":54,"column":22}},"loc":{"start":{"line":54,"column":39},"end":{"line":61,"column":3}},"line":54},"16":{"name":"(anonymous_16)","decl":{"start":{"line":64,"column":19},"end":{"line":64,"column":20}},"loc":{"start":{"line":64,"column":26},"end":{"line":74,"column":1}},"line":64},"17":{"name":"(anonymous_17)","decl":{"start":{"line":64,"column":26},"end":{"line":64,"column":27}},"loc":{"start":{"line":64,"column":39},"end":{"line":74,"column":1}},"line":64},"18":{"name":"(anonymous_18)","decl":{"start":{"line":64,"column":39},"end":{"line":64,"column":40}},"loc":{"start":{"line":64,"column":43},"end":{"line":74,"column":1}},"line":64},"19":{"name":"(anonymous_19)","decl":{"start":{"line":65,"column":21},"end":{"line":65,"column":22}},"loc":{"start":{"line":65,"column":39},"end":{"line":73,"column":3}},"line":65}},"branchMap":{"0":{"loc":{"start":{"line":3,"column":2},"end":{"line":5,"column":3}},"type":"if","locations":[{"start":{"line":3,"column":2},"end":{"line":5,"column":3}},{"start":{"line":3,"column":2},"end":{"line":5,"column":3}}],"line":3},"1":{"loc":{"start":{"line":6,"column":2},"end":{"line":8,"column":3}},"type":"if","locations":[{"start":{"line":6,"column":2},"end":{"line":8,"column":3}},{"start":{"line":6,"column":2},"end":{"line":8,"column":3}}],"line":6},"2":{"loc":{"start":{"line":6,"column":5},"end":{"line":6,"column":73}},"type":"binary-expr","locations":[{"start":{"line":6,"column":5},"end":{"line":6,"column":44}},{"start":{"line":6,"column":48},"end":{"line":6,"column":73}}],"line":6}},"s":{"0":1,"1":1,"2":1,"3":0,"4":1,"5":0,"6":1,"7":1,"8":1,"9":1,"10":1,"11":1,"12":1,"13":1,"14":1,"15":1,"16":1,"17":1,"18":1,"19":1,"20":0,"21":1,"22":1,"23":1,"24":1,"25":1,"26":1,"27":1,"28":0,"29":1,"30":1,"31":1,"32":1,"33":1,"34":1,"35":1,"36":0,"37":1,"38":1,"39":1,"40":0,"41":0,"42":0,"43":0,"44":0},"f":{"0":1,"1":1,"2":1,"3":1,"4":1,"5":1,"6":1,"7":1,"8":1,"9":1,"10":1,"11":1,"12":1,"13":1,"14":1,"15":1,"16":1,"17":1,"18":0,"19":0},"b":{"0":[0,1],"1":[0,1],"2":[1,1]},"_coverageSchema":"43e27e138ebf9cfc5966b082cf9a028302ed4184","hash":"eee263479fad941e5664bbc9c7d20b564c0f7402"}
}
