TN:
SF:/home/fabien/Documents/work/redux-persist-filesystem-storage/src/index.js
FNF:0
FNH:0
DA:4,1
LF:1
LH:1
BRF:0
BRH:0
end_of_record
TN:
SF:/home/fabien/Documents/work/redux-persist-filesystem-storage/src/node.js
FN:6,(anonymous_0)
FN:12,(anonymous_1)
FN:17,(anonymous_2)
FNF:3
FNH:3
FNDA:2,(anonymous_0)
FNDA:1,(anonymous_1)
FNDA:3,(anonymous_2)
DA:6,1
DA:7,2
DA:13,1
DA:14,1
DA:17,3
DA:22,1
LF:6
LH:6
BRDA:13,0,0,1
BRDA:13,0,1,0
BRF:2
BRH:1
end_of_record
TN:
SF:/home/fabien/Documents/work/redux-persist-filesystem-storage/src/storage.js
FN:2,(anonymous_0)
FN:2,(anonymous_1)
FN:13,(anonymous_2)
FN:13,(anonymous_3)
FN:30,(anonymous_4)
FN:30,(anonymous_5)
FN:30,(anonymous_6)
FN:31,(anonymous_7)
FN:42,(anonymous_8)
FN:42,(anonymous_9)
FN:42,(anonymous_10)
FN:43,(anonymous_11)
FN:53,(anonymous_12)
FN:53,(anonymous_13)
FN:53,(anonymous_14)
FN:54,(anonymous_15)
FN:64,(anonymous_16)
FN:64,(anonymous_17)
FN:64,(anonymous_18)
FN:65,(anonymous_19)
FNF:20
FNH:18
FNDA:1,(anonymous_0)
FNDA:1,(anonymous_1)
FNDA:1,(anonymous_2)
FNDA:1,(anonymous_3)
FNDA:1,(anonymous_4)
FNDA:1,(anonymous_5)
FNDA:1,(anonymous_6)
FNDA:1,(anonymous_7)
FNDA:1,(anonymous_8)
FNDA:1,(anonymous_9)
FNDA:1,(anonymous_10)
FNDA:1,(anonymous_11)
FNDA:1,(anonymous_12)
FNDA:1,(anonymous_13)
FNDA:1,(anonymous_14)
FNDA:1,(anonymous_15)
FNDA:1,(anonymous_16)
FNDA:1,(anonymous_17)
FNDA:0,(anonymous_18)
FNDA:0,(anonymous_19)
DA:2,1
DA:3,1
DA:4,0
DA:6,1
DA:7,0
DA:10,1
DA:13,1
DA:14,1
DA:16,1
DA:18,1
DA:21,1
DA:30,1
DA:31,1
DA:32,1
DA:33,1
DA:34,1
DA:36,0
DA:42,1
DA:43,1
DA:44,1
DA:45,1
DA:46,1
DA:48,0
DA:53,1
DA:54,1
DA:55,1
DA:56,1
DA:57,1
DA:59,0
DA:64,1
DA:65,0
DA:66,0
DA:67,0
DA:68,0
DA:71,0
LF:35
LH:25
BRDA:3,0,0,0
BRDA:3,0,1,1
BRDA:6,1,0,0
BRDA:6,1,1,1
BRDA:6,2,0,1
BRDA:6,2,1,1
BRF:6
BRH:4
end_of_record
